<?xml version="1.0" encoding="UTF-8"?>
<!DOCTYPE beans PUBLIC "-//SPRING//DTD BEAN//EN" 
"http://www.springframework.org/dtd/spring-beans.dtd">

<beans>
	<import resource="info/colleoni/basketstats/conf/ds-beans.xml"/>
	<import resource="info/colleoni/basketstats/conf/mybatis-beans.xml"/>
	<import resource="info/colleoni/basketstats/conf/service-beans.xml"/>
</beans>